
*** Running vivado
    with args -log design_1_game_logic_0_0.vds -m64 -product Vivado -mode batch -messageDb vivado.pb -notrace -source design_1_game_logic_0_0.tcl


****** Vivado v2023.1 (64-bit)
  **** SW Build 3865809 on Sun May  7 15:04:56 MDT 2023
  **** IP Build 3864474 on Sun May  7 20:36:21 MDT 2023
  **** SharedData Build 3865790 on Sun May 07 13:33:03 MDT 2023
    ** Copyright 1986-2022 Xilinx, Inc. All Rights Reserved.
    ** Copyright 2022-2023 Advanced Micro Devices, Inc. All Rights Reserved.

source design_1_game_logic_0_0.tcl -notrace
INFO: [IP_Flow 19-234] Refreshing IP repositories
WARNING: [IP_Flow 19-2248] Failed to load user IP repository '/home/timon/home/ces-bpti06/Downloads/hdmi_tx_1.0'; Can't find the specified path.
If this directory should no longer be in your list of user repositories, go to the IP Settings dialog and remove it.
INFO: [IP_Flow 19-2313] Loaded Vivado IP repository '/tools/Xilinx/Vivado/2023.1/data/ip'.
INFO: [IP_Flow 19-6924] IPCACHE: Running cache check for IP inst: design_1_game_logic_0_0
Command: synth_design -top design_1_game_logic_0_0 -part xc7z007sclg400-1 -incremental_mode off -mode out_of_context
Starting synth_design
Attempting to get a license for feature 'Synthesis' and/or device 'xc7z007s'
INFO: [Common 17-349] Got license for feature 'Synthesis' and/or device 'xc7z007s'
INFO: [Device 21-403] Loading part xc7z007sclg400-1
INFO: [Synth 8-7079] Multithreading enabled for synth_design using a maximum of 4 processes.
INFO: [Synth 8-7078] Launching helper process for spawning children vivado processes
INFO: [Synth 8-7075] Helper process launched with PID 298820
---------------------------------------------------------------------------------
Starting RTL Elaboration : Time (s): cpu = 00:00:02 ; elapsed = 00:00:03 . Memory (MB): peak = 2012.824 ; gain = 378.770 ; free physical = 2487 ; free virtual = 11035
---------------------------------------------------------------------------------
INFO: [Synth 8-638] synthesizing module 'design_1_game_logic_0_0' [/home/timon/Documents/vivado_snake/project_final2.gen/sources_1/bd/design_1/ip/design_1_game_logic_0_0/synth/design_1_game_logic_0_0.vhd:72]
INFO: [Synth 8-3491] module 'game_logic' declared at '/home/timon/Documents/vivado_snake/project_final2.srcs/sources_1/new/game_logic.vhd:5' bound to instance 'U0' of component 'game_logic' [/home/timon/Documents/vivado_snake/project_final2.gen/sources_1/bd/design_1/ip/design_1_game_logic_0_0/synth/design_1_game_logic_0_0.vhd:105]
INFO: [Synth 8-638] synthesizing module 'game_logic' [/home/timon/Documents/vivado_snake/project_final2.srcs/sources_1/new/game_logic.vhd:24]
WARNING: [Synth 8-614] signal 'snake_x_reg' is read in the process but is not in the sensitivity list [/home/timon/Documents/vivado_snake/project_final2.srcs/sources_1/new/game_logic.vhd:53]
WARNING: [Synth 8-614] signal 'snake_y_reg' is read in the process but is not in the sensitivity list [/home/timon/Documents/vivado_snake/project_final2.srcs/sources_1/new/game_logic.vhd:53]
WARNING: [Synth 8-614] signal 'pellet_index' is read in the process but is not in the sensitivity list [/home/timon/Documents/vivado_snake/project_final2.srcs/sources_1/new/game_logic.vhd:53]
INFO: [Synth 8-256] done synthesizing module 'game_logic' (0#1) [/home/timon/Documents/vivado_snake/project_final2.srcs/sources_1/new/game_logic.vhd:24]
INFO: [Synth 8-256] done synthesizing module 'design_1_game_logic_0_0' (0#1) [/home/timon/Documents/vivado_snake/project_final2.gen/sources_1/bd/design_1/ip/design_1_game_logic_0_0/synth/design_1_game_logic_0_0.vhd:72]
---------------------------------------------------------------------------------
Finished RTL Elaboration : Time (s): cpu = 00:00:03 ; elapsed = 00:00:03 . Memory (MB): peak = 2079.762 ; gain = 445.707 ; free physical = 2314 ; free virtual = 10864
---------------------------------------------------------------------------------
---------------------------------------------------------------------------------
Start Handling Custom Attributes
---------------------------------------------------------------------------------
---------------------------------------------------------------------------------
Finished Handling Custom Attributes : Time (s): cpu = 00:00:03 ; elapsed = 00:00:03 . Memory (MB): peak = 2094.605 ; gain = 460.551 ; free physical = 2312 ; free virtual = 10861
---------------------------------------------------------------------------------
---------------------------------------------------------------------------------
Finished RTL Optimization Phase 1 : Time (s): cpu = 00:00:03 ; elapsed = 00:00:03 . Memory (MB): peak = 2094.605 ; gain = 460.551 ; free physical = 2312 ; free virtual = 10861
---------------------------------------------------------------------------------
Netlist sorting complete. Time (s): cpu = 00:00:00 ; elapsed = 00:00:00 . Memory (MB): peak = 2094.605 ; gain = 0.000 ; free physical = 2312 ; free virtual = 10861
INFO: [Project 1-570] Preparing netlist for logic optimization

Processing XDC Constraints
Initializing timing engine
Completed Processing XDC Constraints

Netlist sorting complete. Time (s): cpu = 00:00:00 ; elapsed = 00:00:00 . Memory (MB): peak = 2225.355 ; gain = 0.000 ; free physical = 2290 ; free virtual = 10839
INFO: [Project 1-111] Unisim Transformation Summary:
No Unisim elements were transformed.

Constraint Validation Runtime : Time (s): cpu = 00:00:00.01 ; elapsed = 00:00:00 . Memory (MB): peak = 2225.355 ; gain = 0.000 ; free physical = 2290 ; free virtual = 10839
INFO: [Designutils 20-5008] Incremental synthesis strategy off
---------------------------------------------------------------------------------
Finished Constraint Validation : Time (s): cpu = 00:00:07 ; elapsed = 00:00:07 . Memory (MB): peak = 2225.355 ; gain = 591.301 ; free physical = 2290 ; free virtual = 10840
---------------------------------------------------------------------------------
---------------------------------------------------------------------------------
Start Loading Part and Timing Information
---------------------------------------------------------------------------------
Loading part: xc7z007sclg400-1
---------------------------------------------------------------------------------
Finished Loading Part and Timing Information : Time (s): cpu = 00:00:07 ; elapsed = 00:00:07 . Memory (MB): peak = 2225.355 ; gain = 591.301 ; free physical = 2290 ; free virtual = 10840
---------------------------------------------------------------------------------
---------------------------------------------------------------------------------
Start Applying 'set_property' XDC Constraints
---------------------------------------------------------------------------------
---------------------------------------------------------------------------------
Finished applying 'set_property' XDC Constraints : Time (s): cpu = 00:00:07 ; elapsed = 00:00:07 . Memory (MB): peak = 2225.355 ; gain = 591.301 ; free physical = 2290 ; free virtual = 10839
---------------------------------------------------------------------------------
---------------------------------------------------------------------------------
Finished RTL Optimization Phase 2 : Time (s): cpu = 00:00:07 ; elapsed = 00:00:07 . Memory (MB): peak = 2225.355 ; gain = 591.301 ; free physical = 2286 ; free virtual = 10837
---------------------------------------------------------------------------------
---------------------------------------------------------------------------------
Start RTL Component Statistics 
---------------------------------------------------------------------------------
Detailed RTL Component Info : 
+---Adders : 
	   3 Input   33 Bit       Adders := 2     
	   2 Input   11 Bit       Adders := 2     
	   2 Input   10 Bit       Adders := 2     
	   2 Input    4 Bit       Adders := 1     
+---Registers : 
	               10 Bit    Registers := 2     
	                4 Bit    Registers := 1     
+---Muxes : 
	  10 Input    9 Bit        Muxes := 1     
	   2 Input    5 Bit        Muxes := 2     
	   2 Input    4 Bit        Muxes := 1     
	   2 Input    1 Bit        Muxes := 2     
---------------------------------------------------------------------------------
Finished RTL Component Statistics 
---------------------------------------------------------------------------------
---------------------------------------------------------------------------------
Start Part Resource Summary
---------------------------------------------------------------------------------
Part Resources:
DSPs: 66 (col length:40)
BRAMs: 100 (col length: RAMB18 40 RAMB36 20)
---------------------------------------------------------------------------------
Finished Part Resource Summary
---------------------------------------------------------------------------------
---------------------------------------------------------------------------------
Start Cross Boundary and Area Optimization
---------------------------------------------------------------------------------
WARNING: [Synth 8-7080] Parallel synthesis criteria is not met
INFO: [Synth 8-3917] design design_1_game_logic_0_0 has port pellet_y[9] driven by constant 0
INFO: [Synth 8-3917] design design_1_game_logic_0_0 has port pellet_y[0] driven by constant 0
---------------------------------------------------------------------------------
Finished Cross Boundary and Area Optimization : Time (s): cpu = 00:00:08 ; elapsed = 00:00:08 . Memory (MB): peak = 2225.355 ; gain = 591.301 ; free physical = 2263 ; free virtual = 10814
---------------------------------------------------------------------------------
---------------------------------------------------------------------------------
Start Applying XDC Timing Constraints
---------------------------------------------------------------------------------
---------------------------------------------------------------------------------
Finished Applying XDC Timing Constraints : Time (s): cpu = 00:00:10 ; elapsed = 00:00:11 . Memory (MB): peak = 2225.355 ; gain = 591.301 ; free physical = 2266 ; free virtual = 10817
---------------------------------------------------------------------------------
---------------------------------------------------------------------------------
Start Timing Optimization
---------------------------------------------------------------------------------
---------------------------------------------------------------------------------
Finished Timing Optimization : Time (s): cpu = 00:00:10 ; elapsed = 00:00:11 . Memory (MB): peak = 2225.355 ; gain = 591.301 ; free physical = 2266 ; free virtual = 10817
---------------------------------------------------------------------------------
---------------------------------------------------------------------------------
Start Technology Mapping
---------------------------------------------------------------------------------
---------------------------------------------------------------------------------
Finished Technology Mapping : Time (s): cpu = 00:00:10 ; elapsed = 00:00:11 . Memory (MB): peak = 2225.355 ; gain = 591.301 ; free physical = 2266 ; free virtual = 10817
---------------------------------------------------------------------------------
---------------------------------------------------------------------------------
Start IO Insertion
---------------------------------------------------------------------------------
---------------------------------------------------------------------------------
Start Flattening Before IO Insertion
---------------------------------------------------------------------------------
---------------------------------------------------------------------------------
Finished Flattening Before IO Insertion
---------------------------------------------------------------------------------
---------------------------------------------------------------------------------
Start Final Netlist Cleanup
---------------------------------------------------------------------------------
---------------------------------------------------------------------------------
Finished Final Netlist Cleanup
---------------------------------------------------------------------------------
---------------------------------------------------------------------------------
Finished IO Insertion : Time (s): cpu = 00:00:12 ; elapsed = 00:00:13 . Memory (MB): peak = 2225.355 ; gain = 591.301 ; free physical = 2542 ; free virtual = 11093
---------------------------------------------------------------------------------
---------------------------------------------------------------------------------
Start Renaming Generated Instances
---------------------------------------------------------------------------------
---------------------------------------------------------------------------------
Finished Renaming Generated Instances : Time (s): cpu = 00:00:12 ; elapsed = 00:00:13 . Memory (MB): peak = 2225.355 ; gain = 591.301 ; free physical = 2542 ; free virtual = 11093
---------------------------------------------------------------------------------
---------------------------------------------------------------------------------
Start Rebuilding User Hierarchy
---------------------------------------------------------------------------------
---------------------------------------------------------------------------------
Finished Rebuilding User Hierarchy : Time (s): cpu = 00:00:12 ; elapsed = 00:00:13 . Memory (MB): peak = 2225.355 ; gain = 591.301 ; free physical = 2542 ; free virtual = 11093
---------------------------------------------------------------------------------
---------------------------------------------------------------------------------
Start Renaming Generated Ports
---------------------------------------------------------------------------------
---------------------------------------------------------------------------------
Finished Renaming Generated Ports : Time (s): cpu = 00:00:12 ; elapsed = 00:00:13 . Memory (MB): peak = 2225.355 ; gain = 591.301 ; free physical = 2542 ; free virtual = 11093
---------------------------------------------------------------------------------
---------------------------------------------------------------------------------
Start Handling Custom Attributes
---------------------------------------------------------------------------------
---------------------------------------------------------------------------------
Finished Handling Custom Attributes : Time (s): cpu = 00:00:12 ; elapsed = 00:00:13 . Memory (MB): peak = 2225.355 ; gain = 591.301 ; free physical = 2542 ; free virtual = 11093
---------------------------------------------------------------------------------
---------------------------------------------------------------------------------
Start Renaming Generated Nets
---------------------------------------------------------------------------------
---------------------------------------------------------------------------------
Finished Renaming Generated Nets : Time (s): cpu = 00:00:12 ; elapsed = 00:00:13 . Memory (MB): peak = 2225.355 ; gain = 591.301 ; free physical = 2542 ; free virtual = 11093
---------------------------------------------------------------------------------
---------------------------------------------------------------------------------
Start Writing Synthesis Report
---------------------------------------------------------------------------------

Report BlackBoxes: 
+-+--------------+----------+
| |BlackBox name |Instances |
+-+--------------+----------+
+-+--------------+----------+

Report Cell Usage: 
+------+-------+------+
|      |Cell   |Count |
+------+-------+------+
|1     |CARRY4 |    16|
|2     |LUT1   |     6|
|3     |LUT2   |    23|
|4     |LUT3   |     3|
|5     |LUT4   |    23|
|6     |LUT5   |    16|
|7     |LUT6   |    24|
|8     |FDRE   |    13|
|9     |FDSE   |     9|
+------+-------+------+
---------------------------------------------------------------------------------
Finished Writing Synthesis Report : Time (s): cpu = 00:00:12 ; elapsed = 00:00:13 . Memory (MB): peak = 2225.355 ; gain = 591.301 ; free physical = 2542 ; free virtual = 11093
---------------------------------------------------------------------------------
Synthesis finished with 0 errors, 0 critical warnings and 1 warnings.
Synthesis Optimization Runtime : Time (s): cpu = 00:00:12 ; elapsed = 00:00:12 . Memory (MB): peak = 2225.355 ; gain = 460.551 ; free physical = 2542 ; free virtual = 11093
Synthesis Optimization Complete : Time (s): cpu = 00:00:13 ; elapsed = 00:00:13 . Memory (MB): peak = 2225.355 ; gain = 591.301 ; free physical = 2542 ; free virtual = 11093
INFO: [Project 1-571] Translating synthesized netlist
Netlist sorting complete. Time (s): cpu = 00:00:00 ; elapsed = 00:00:00 . Memory (MB): peak = 2225.355 ; gain = 0.000 ; free physical = 2774 ; free virtual = 11324
INFO: [Netlist 29-17] Analyzing 16 Unisim elements for replacement
INFO: [Netlist 29-28] Unisim Transformation completed in 1 CPU seconds
INFO: [Project 1-570] Preparing netlist for logic optimization
INFO: [Opt 31-138] Pushed 0 inverter(s) to 0 load pin(s).
Netlist sorting complete. Time (s): cpu = 00:00:00 ; elapsed = 00:00:00 . Memory (MB): peak = 2225.355 ; gain = 0.000 ; free physical = 2823 ; free virtual = 11374
INFO: [Project 1-111] Unisim Transformation Summary:
No Unisim elements were transformed.

Synth Design complete | Checksum: 3434ae10
INFO: [Common 17-83] Releasing license: Synthesis
25 Infos, 5 Warnings, 0 Critical Warnings and 0 Errors encountered.
synth_design completed successfully
synth_design: Time (s): cpu = 00:00:17 ; elapsed = 00:00:16 . Memory (MB): peak = 2225.355 ; gain = 909.605 ; free physical = 2819 ; free virtual = 11370
INFO: [Common 17-2834] synth_design peak Physical Memory [PSS] (MB): overall = 1659.208; main = 1363.729; forked = 336.950
INFO: [Common 17-2834] synth_design peak Virtual Memory [VSS] (MB): overall = 3196.715; main = 2225.359; forked = 1003.371
INFO: [Common 17-1381] The checkpoint '/home/timon/Documents/vivado_snake/project_final2.runs/design_1_game_logic_0_0_synth_1/design_1_game_logic_0_0.dcp' has been generated.
INFO: [Coretcl 2-1648] Added synthesis output to IP cache for IP design_1_game_logic_0_0, cache-ID = 64214971ccb35e43
INFO: [Common 17-1381] The checkpoint '/home/timon/Documents/vivado_snake/project_final2.runs/design_1_game_logic_0_0_synth_1/design_1_game_logic_0_0.dcp' has been generated.
INFO: [runtcl-4] Executing : report_utilization -file design_1_game_logic_0_0_utilization_synth.rpt -pb design_1_game_logic_0_0_utilization_synth.pb
INFO: [Common 17-206] Exiting Vivado at Sat Mar 15 16:26:29 2025...
